<?xml version="1.0" encoding="UTF-8"?>
<testsuite name="com.liklion.Stack02Test" tests="2" skipped="0" failures="0" errors="0" timestamp="2022-10-20T00:26:36" hostname="DESKTOP-2JTKRIK" time="0.027">
  <properties/>
  <testcase name="push가 잘 되는지" classname="com.liklion.Stack02Test" time="0.026"/>
  <testcase name="pushAndPop()" classname="com.liklion.Stack02Test" time="0.001"/>
  <system-out><![CDATA[before each
before each
]]></system-out>
  <system-err><![CDATA[]]></system-err>
</testsuite>
